# JRE version: Java(TM) SE Runtime Environment (8.0_111-b14) (build 1.8.0_111-b14)
# Java VM: Java HotSpot(TM) 64-Bit Server VM (25.111-b14 mixed mode windows-amd64 compressed oops)
Heap:
 PSYoungGen      total 26112K, used 656K [0x00000000ec600000, 0x00000000ee080000, 0x0000000100000000)
  eden space 25600K, 2% used [0x00000000ec600000,0x00000000ec6a4048,0x00000000edf00000)
  from space 512K, 0% used [0x00000000edf80000,0x00000000edf80000,0x00000000ee000000)
  to   space 512K, 0% used [0x00000000ee000000,0x00000000ee000000,0x00000000ee080000)
 ParOldGen       total 40960K, used 3592K [0x00000000c5200000, 0x00000000c7a00000, 0x00000000ec600000)
  object space 40960K, 8% used [0x00000000c5200000,0x00000000c5582300,0x00000000c7a00000)
 Metaspace       used 13569K, capacity 13733K, committed 14080K, reserved 1062912K
  class space    used 1407K, capacity 1474K, committed 1536K, reserved 1048576K
GC Heap History (10 events):
Event: 31.030 GC heap after
Heap after GC invocations=1146 (full 569):
 PSYoungGen      total 26112K, used 32K [0x00000000ec600000, 0x00000000ee080000, 0x0000000100000000)
  eden space 25600K, 0% used [0x00000000ec600000,0x00000000ec600000,0x00000000edf00000)
  from space 512K, 6% used [0x00000000edf80000,0x00000000edf88000,0x00000000ee000000)
  to   space 512K, 0% used [0x00000000ee000000,0x00000000ee000000,0x00000000ee080000)
 ParOldGen       total 40960K, used 3592K [0x00000000c5200000, 0x00000000c7a00000, 0x00000000ec600000)
  object space 40960K, 8% used [0x00000000c5200000,0x00000000c5582098,0x00000000c7a00000)
 Metaspace       used 13569K, capacity 13733K, committed 14080K, reserved 1062912K
  class space    used 1407K, capacity 1474K, committed 1536K, reserved 1048576K
}
Event: 31.030 GC heap before
{Heap before GC invocations=1147 (full 570):
 PSYoungGen      total 26112K, used 32K [0x00000000ec600000, 0x00000000ee080000, 0x0000000100000000)
  eden space 25600K, 0% used [0x00000000ec600000,0x00000000ec600000,0x00000000edf00000)
  from space 512K, 6% used [0x00000000edf80000,0x00000000edf88000,0x00000000ee000000)
  to   space 512K, 0% used [0x00000000ee000000,0x00000000ee000000,0x00000000ee080000)
 ParOldGen       total 40960K, used 3592K [0x00000000c5200000, 0x00000000c7a00000, 0x00000000ec600000)
  object space 40960K, 8% used [0x00000000c5200000,0x00000000c5582098,0x00000000c7a00000)
 Metaspace       used 13569K, capacity 13733K, committed 14080K, reserved 1062912K
  class space    used 1407K, capacity 1474K, committed 1536K, reserved 1048576K
Event: 31.049 GC heap after
Heap after GC invocations=1147 (full 570):
 PSYoungGen      total 26112K, used 0K [0x00000000ec600000, 0x00000000ee080000, 0x0000000100000000)
  eden space 25600K, 0% used [0x00000000ec600000,0x00000000ec600000,0x00000000edf00000)
  from space 512K, 0% used [0x00000000edf80000,0x00000000edf80000,0x00000000ee000000)
  to   space 512K, 0% used [0x00000000ee000000,0x00000000ee000000,0x00000000ee080000)
 ParOldGen       total 40960K, used 3592K [0x00000000c5200000, 0x00000000c7a00000, 0x00000000ec600000)
  object space 40960K, 8% used [0x00000000c5200000,0x00000000c5582098,0x00000000c7a00000)
 Metaspace       used 13569K, capacity 13733K, committed 14080K, reserved 1062912K
  class space    used 1407K, capacity 1474K, committed 1536K, reserved 1048576K
}
Event: 31.069 GC heap before
{Heap before GC invocations=1148 (full 570):
 PSYoungGen      total 26112K, used 1198K [0x00000000ec600000, 0x00000000ee080000, 0x0000000100000000)
  eden space 25600K, 4% used [0x00000000ec600000,0x00000000ec72b9b0,0x00000000edf00000)
  from space 512K, 0% used [0x00000000edf80000,0x00000000edf80000,0x00000000ee000000)
  to   space 512K, 0% used [0x00000000ee000000,0x00000000ee000000,0x00000000ee080000)
 ParOldGen       total 40960K, used 3592K [0x00000000c5200000, 0x00000000c7a00000, 0x00000000ec600000)
  object space 40960K, 8% used [0x00000000c5200000,0x00000000c5582098,0x00000000c7a00000)
 Metaspace       used 13569K, capacity 13733K, committed 14080K, reserved 1062912K
  class space    used 1407K, capacity 1474K, committed 1536K, reserved 1048576K
Event: 31.070 GC heap after
Heap after GC invocations=1148 (full 570):
 PSYoungGen      total 26112K, used 240K [0x00000000ec600000, 0x00000000ee080000, 0x0000000100000000)
  eden space 25600K, 0% used [0x00000000ec600000,0x00000000ec600000,0x00000000edf00000)
  from space 512K, 46% used [0x00000000ee000000,0x00000000ee03c130,0x00000000ee080000)
  to   space 512K, 0% used [0x00000000edf80000,0x00000000edf80000,0x00000000ee000000)
 ParOldGen       total 40960K, used 3600K [0x00000000c5200000, 0x00000000c7a00000, 0x00000000ec600000)
  object space 40960K, 8% used [0x00000000c5200000,0x00000000c5584098,0x00000000c7a00000)
 Metaspace       used 13569K, capacity 13733K, committed 14080K, reserved 1062912K
  class space    used 1407K, capacity 1474K, committed 1536K, reserved 1048576K
}
Event: 31.070 GC heap before
{Heap before GC invocations=1149 (full 571):
 PSYoungGen      total 26112K, used 240K [0x00000000ec600000, 0x00000000ee080000, 0x0000000100000000)
  eden space 25600K, 0% used [0x00000000ec600000,0x00000000ec600000,0x00000000edf00000)
  from space 512K, 46% used [0x00000000ee000000,0x00000000ee03c130,0x00000000ee080000)
  to   space 512K, 0% used [0x00000000edf80000,0x00000000edf80000,0x00000000ee000000)
 ParOldGen       total 40960K, used 3600K [0x00000000c5200000, 0x00000000c7a00000, 0x00000000ec600000)
  object space 40960K, 8% used [0x00000000c5200000,0x00000000c5584098,0x00000000c7a00000)
 Metaspace       used 13569K, capacity 13733K, committed 14080K, reserved 1062912K
  class space    used 1407K, capacity 1474K, committed 1536K, reserved 1048576K
Event: 31.091 GC heap after
Heap after GC invocations=1149 (full 571):
 PSYoungGen      total 26112K, used 0K [0x00000000ec600000, 0x00000000ee080000, 0x0000000100000000)
  eden space 25600K, 0% used [0x00000000ec600000,0x00000000ec600000,0x00000000edf00000)
  from space 512K, 0% used [0x00000000ee000000,0x00000000ee000000,0x00000000ee080000)
  to   space 512K, 0% used [0x00000000edf80000,0x00000000edf80000,0x00000000ee000000)
 ParOldGen       total 40960K, used 3592K [0x00000000c5200000, 0x00000000c7a00000, 0x00000000ec600000)
  object space 40960K, 8% used [0x00000000c5200000,0x00000000c55823a8,0x00000000c7a00000)
 Metaspace       used 13569K, capacity 13733K, committed 14080K, reserved 1062912K
  class space    used 1407K, capacity 1474K, committed 1536K, reserved 1048576K
}
Event: 31.102 GC heap before
{Heap before GC invocations=1150 (full 571):
 PSYoungGen      total 26112K, used 624K [0x00000000ec600000, 0x00000000ee080000, 0x0000000100000000)
  eden space 25600K, 2% used [0x00000000ec600000,0x00000000ec69c260,0x00000000edf00000)
  from space 512K, 0% used [0x00000000ee000000,0x00000000ee000000,0x00000000ee080000)
  to   space 512K, 0% used [0x00000000edf80000,0x00000000edf80000,0x00000000ee000000)
 ParOldGen       total 40960K, used 3592K [0x00000000c5200000, 0x00000000c7a00000, 0x00000000ec600000)
  object space 40960K, 8% used [0x00000000c5200000,0x00000000c55823a8,0x00000000c7a00000)
 Metaspace       used 13569K, capacity 13733K, committed 14080K, reserved 1062912K
  class space    used 1407K, capacity 1474K, committed 1536K, reserved 1048576K
Event: 31.103 GC heap after
Heap after GC invocations=1150 (full 571):
 PSYoungGen      total 26112K, used 32K [0x00000000ec600000, 0x00000000ee080000, 0x0000000100000000)
  eden space 25600K, 0% used [0x00000000ec600000,0x00000000ec600000,0x00000000edf00000)
  from space 512K, 6% used [0x00000000edf80000,0x00000000edf88000,0x00000000ee000000)
  to   space 512K, 0% used [0x00000000ee000000,0x00000000ee000000,0x00000000ee080000)
 ParOldGen       total 40960K, used 3592K [0x00000000c5200000, 0x00000000c7a00000, 0x00000000ec600000)
  object space 40960K, 8% used [0x00000000c5200000,0x00000000c55823a8,0x00000000c7a00000)
 Metaspace       used 13569K, capacity 13733K, committed 14080K, reserved 1062912K
  class space    used 1407K, capacity 1474K, committed 1536K, reserved 1048576K
}
Event: 31.103 GC heap before
{Heap before GC invocations=1151 (full 572):
 PSYoungGen      total 26112K, used 32K [0x00000000ec600000, 0x00000000ee080000, 0x0000000100000000)
  eden space 25600K, 0% used [0x00000000ec600000,0x00000000ec600000,0x00000000edf00000)
  from space 512K, 6% used [0x00000000edf80000,0x00000000edf88000,0x00000000ee000000)
  to   space 512K, 0% used [0x00000000ee000000,0x00000000ee000000,0x00000000ee080000)
 ParOldGen       total 40960K, used 3592K [0x00000000c5200000, 0x00000000c7a00000, 0x00000000ec600000)
  object space 40960K, 8% used [0x00000000c5200000,0x00000000c55823a8,0x00000000c7a00000)
 Metaspace       used 13569K, capacity 13733K, committed 14080K, reserved 1062912K
  class space    used 1407K, capacity 1474K, committed 1536K, reserved 1048576K

