# JRE version: Java(TM) SE Runtime Environment (8.0_111-b14) (build 1.8.0_111-b14)
# Java VM: Java HotSpot(TM) 64-Bit Server VM (25.111-b14 mixed mode windows-amd64 compressed oops)
Heap:
 PSYoungGen      total 61952K, used 1777K [0x00000000ec600000, 0x00000000f0380000, 0x0000000100000000)
  eden space 61440K, 2% used [0x00000000ec600000,0x00000000ec7bc4e0,0x00000000f0200000)
  from space 512K, 0% used [0x00000000f0300000,0x00000000f0300000,0x00000000f0380000)
  to   space 512K, 34% used [0x00000000f0280000,0x00000000f02ac090,0x00000000f0300000)
 ParOldGen       total 40960K, used 3546K [0x00000000c5200000, 0x00000000c7a00000, 0x00000000ec600000)
  object space 40960K, 8% used [0x00000000c5200000,0x00000000c55769f8,0x00000000c7a00000)
 Metaspace       used 13300K, capacity 13477K, committed 13824K, reserved 1060864K
  class space    used 1407K, capacity 1474K, committed 1536K, reserved 1048576K
GC Heap History (10 events):
Event: 8.812 GC heap before
{Heap before GC invocations=167 (full 81):
 PSYoungGen      total 61952K, used 208K [0x00000000ec600000, 0x00000000f0380000, 0x0000000100000000)
  eden space 61440K, 0% used [0x00000000ec600000,0x00000000ec600000,0x00000000f0200000)
  from space 512K, 40% used [0x00000000f0300000,0x00000000f0334090,0x00000000f0380000)
  to   space 512K, 0% used [0x00000000f0280000,0x00000000f0280000,0x00000000f0300000)
 ParOldGen       total 40960K, used 3554K [0x00000000c5200000, 0x00000000c7a00000, 0x00000000ec600000)
  object space 40960K, 8% used [0x00000000c5200000,0x00000000c5578990,0x00000000c7a00000)
 Metaspace       used 13286K, capacity 13477K, committed 13824K, reserved 1060864K
  class space    used 1407K, capacity 1474K, committed 1536K, reserved 1048576K
Event: 8.833 GC heap after
Heap after GC invocations=167 (full 81):
 PSYoungGen      total 61952K, used 0K [0x00000000ec600000, 0x00000000f0380000, 0x0000000100000000)
  eden space 61440K, 0% used [0x00000000ec600000,0x00000000ec600000,0x00000000f0200000)
  from space 512K, 0% used [0x00000000f0300000,0x00000000f0300000,0x00000000f0380000)
  to   space 512K, 0% used [0x00000000f0280000,0x00000000f0280000,0x00000000f0300000)
 ParOldGen       total 40960K, used 3546K [0x00000000c5200000, 0x00000000c7a00000, 0x00000000ec600000)
  object space 40960K, 8% used [0x00000000c5200000,0x00000000c55769f8,0x00000000c7a00000)
 Metaspace       used 13286K, capacity 13477K, committed 13824K, reserved 1060864K
  class space    used 1407K, capacity 1474K, committed 1536K, reserved 1048576K
}
Event: 8.859 GC heap before
{Heap before GC invocations=168 (full 81):
 PSYoungGen      total 61952K, used 1162K [0x00000000ec600000, 0x00000000f0380000, 0x0000000100000000)
  eden space 61440K, 1% used [0x00000000ec600000,0x00000000ec722b40,0x00000000f0200000)
  from space 512K, 0% used [0x00000000f0300000,0x00000000f0300000,0x00000000f0380000)
  to   space 512K, 0% used [0x00000000f0280000,0x00000000f0280000,0x00000000f0300000)
 ParOldGen       total 40960K, used 3546K [0x00000000c5200000, 0x00000000c7a00000, 0x00000000ec600000)
  object space 40960K, 8% used [0x00000000c5200000,0x00000000c55769f8,0x00000000c7a00000)
 Metaspace       used 13286K, capacity 13477K, committed 13824K, reserved 1060864K
  class space    used 1407K, capacity 1474K, committed 1536K, reserved 1048576K
Event: 8.860 GC heap after
Heap after GC invocations=168 (full 81):
 PSYoungGen      total 61952K, used 32K [0x00000000ec600000, 0x00000000f0380000, 0x0000000100000000)
  eden space 61440K, 0% used [0x00000000ec600000,0x00000000ec600000,0x00000000f0200000)
  from space 512K, 6% used [0x00000000f0280000,0x00000000f0288000,0x00000000f0300000)
  to   space 512K, 0% used [0x00000000f0300000,0x00000000f0300000,0x00000000f0380000)
 ParOldGen       total 40960K, used 3546K [0x00000000c5200000, 0x00000000c7a00000, 0x00000000ec600000)
  object space 40960K, 8% used [0x00000000c5200000,0x00000000c55769f8,0x00000000c7a00000)
 Metaspace       used 13286K, capacity 13477K, committed 13824K, reserved 1060864K
  class space    used 1407K, capacity 1474K, committed 1536K, reserved 1048576K
}
Event: 8.860 GC heap before
{Heap before GC invocations=169 (full 82):
 PSYoungGen      total 61952K, used 32K [0x00000000ec600000, 0x00000000f0380000, 0x0000000100000000)
  eden space 61440K, 0% used [0x00000000ec600000,0x00000000ec600000,0x00000000f0200000)
  from space 512K, 6% used [0x00000000f0280000,0x00000000f0288000,0x00000000f0300000)
  to   space 512K, 0% used [0x00000000f0300000,0x00000000f0300000,0x00000000f0380000)
 ParOldGen       total 40960K, used 3546K [0x00000000c5200000, 0x00000000c7a00000, 0x00000000ec600000)
  object space 40960K, 8% used [0x00000000c5200000,0x00000000c55769f8,0x00000000c7a00000)
 Metaspace       used 13286K, capacity 13477K, committed 13824K, reserved 1060864K
  class space    used 1407K, capacity 1474K, committed 1536K, reserved 1048576K
Event: 8.879 GC heap after
Heap after GC invocations=169 (full 82):
 PSYoungGen      total 61952K, used 0K [0x00000000ec600000, 0x00000000f0380000, 0x0000000100000000)
  eden space 61440K, 0% used [0x00000000ec600000,0x00000000ec600000,0x00000000f0200000)
  from space 512K, 0% used [0x00000000f0280000,0x00000000f0280000,0x00000000f0300000)
  to   space 512K, 0% used [0x00000000f0300000,0x00000000f0300000,0x00000000f0380000)
 ParOldGen       total 40960K, used 3546K [0x00000000c5200000, 0x00000000c7a00000, 0x00000000ec600000)
  object space 40960K, 8% used [0x00000000c5200000,0x00000000c55769f8,0x00000000c7a00000)
 Metaspace       used 13286K, capacity 13477K, committed 13824K, reserved 1060864K
  class space    used 1407K, capacity 1474K, committed 1536K, reserved 1048576K
}
Event: 8.898 GC heap before
{Heap before GC invocations=170 (full 82):
 PSYoungGen      total 61952K, used 1777K [0x00000000ec600000, 0x00000000f0380000, 0x0000000100000000)
  eden space 61440K, 2% used [0x00000000ec600000,0x00000000ec7bc4e0,0x00000000f0200000)
  from space 512K, 0% used [0x00000000f0280000,0x00000000f0280000,0x00000000f0300000)
  to   space 512K, 0% used [0x00000000f0300000,0x00000000f0300000,0x00000000f0380000)
 ParOldGen       total 40960K, used 3546K [0x00000000c5200000, 0x00000000c7a00000, 0x00000000ec600000)
  object space 40960K, 8% used [0x00000000c5200000,0x00000000c55769f8,0x00000000c7a00000)
 Metaspace       used 13300K, capacity 13477K, committed 13824K, reserved 1060864K
  class space    used 1407K, capacity 1474K, committed 1536K, reserved 1048576K
Event: 8.917 GC heap after
Heap after GC invocations=170 (full 82):
 PSYoungGen      total 61952K, used 32K [0x00000000ec600000, 0x00000000f0380000, 0x0000000100000000)
  eden space 61440K, 0% used [0x00000000ec600000,0x00000000ec600000,0x00000000f0200000)
  from space 512K, 6% used [0x00000000f0300000,0x00000000f0308000,0x00000000f0380000)
  to   space 512K, 0% used [0x00000000f0280000,0x00000000f0280000,0x00000000f0300000)
 ParOldGen       total 40960K, used 3546K [0x00000000c5200000, 0x00000000c7a00000, 0x00000000ec600000)
  object space 40960K, 8% used [0x00000000c5200000,0x00000000c55769f8,0x00000000c7a00000)
 Metaspace       used 13300K, capacity 13477K, committed 13824K, reserved 1060864K
  class space    used 1407K, capacity 1474K, committed 1536K, reserved 1048576K
}
Event: 8.917 GC heap before
{Heap before GC invocations=171 (full 83):
 PSYoungGen      total 61952K, used 32K [0x00000000ec600000, 0x00000000f0380000, 0x0000000100000000)
  eden space 61440K, 0% used [0x00000000ec600000,0x00000000ec600000,0x00000000f0200000)
  from space 512K, 6% used [0x00000000f0300000,0x00000000f0308000,0x00000000f0380000)
  to   space 512K, 0% used [0x00000000f0280000,0x00000000f0280000,0x00000000f0300000)
 ParOldGen       total 40960K, used 3546K [0x00000000c5200000, 0x00000000c7a00000, 0x00000000ec600000)
  object space 40960K, 8% used [0x00000000c5200000,0x00000000c55769f8,0x00000000c7a00000)
 Metaspace       used 13300K, capacity 13477K, committed 13824K, reserved 1060864K
  class space    used 1407K, capacity 1474K, committed 1536K, reserved 1048576K
Event: 8.937 GC heap after
Heap after GC invocations=171 (full 83):
 PSYoungGen      total 61952K, used 0K [0x00000000ec600000, 0x00000000f0380000, 0x0000000100000000)
  eden space 61440K, 0% used [0x00000000ec600000,0x00000000ec600000,0x00000000f0200000)
  from space 512K, 0% used [0x00000000f0300000,0x00000000f0300000,0x00000000f0380000)
  to   space 512K, 0% used [0x00000000f0280000,0x00000000f0280000,0x00000000f0300000)
 ParOldGen       total 40960K, used 3546K [0x00000000c5200000, 0x00000000c7a00000, 0x00000000ec600000)
  object space 40960K, 8% used [0x00000000c5200000,0x00000000c55769f8,0x00000000c7a00000)
 Metaspace       used 13300K, capacity 13477K, committed 13824K, reserved 1060864K
  class space    used 1407K, capacity 1474K, committed 1536K, reserved 1048576K
}

